  BinaryDecisionTree.cpp
  BitStream.cpp
  Buffer.cpp
  ChromaFormat.cpp
  CodingStructure.cpp
  ContextModelling.cpp
  Contexts.cpp
  CrossCompPrediction.cpp
  InterPrediction.cpp
  InterpolationFilter.cpp
  IntraPrediction.cpp
  LoopFilter.cpp
  Mv.cpp
  PicYuvMD5.cpp
  Picture.cpp
  Quant.cpp
  QuantRDOQ.cpp
  RdCost.cpp
  RdCostWeightPrediction.cpp
  Rom.cpp
  RomTr.cpp
  SEI.cpp
  SampleAdaptiveOffset.cpp
  Slice.cpp
  TrQuant.cpp
  TrQuant_EMT.cpp
  Unit.cpp
  UnitPartitioner.cpp
  UnitTools.cpp
  WeightPrediction.cpp
  dtrace.cpp
  CommonDefX86.cpp
  InitX86.cpp
  Buffer_sse41.cpp
  InterpolationFilter_sse41.cpp
  RdCost_sse41.cpp
  Buffer_avx.cpp
  InterpolationFilter_avx.cpp
  RdCost_avx.cpp
  Buffer_avx2.cpp
  InterpolationFilter_avx2.cpp
  RdCost_avx2.cpp
  CommonLib.vcxproj -> D:\VTM\VTM-1.1\lib\vs14\msvc-19.0\x86_64\release\CommonLib.lib
