d:\vtm\vtm-1.1\build\source\lib\commonlib\commonlib.dir\release\binarydecisiontree.obj
d:\vtm\vtm-1.1\build\source\lib\commonlib\commonlib.dir\release\codingstructure.obj
d:\vtm\vtm-1.1\build\source\lib\commonlib\commonlib.dir\release\interprediction.obj
d:\vtm\vtm-1.1\build\source\lib\commonlib\commonlib.dir\release\picyuvmd5.obj
d:\vtm\vtm-1.1\build\source\lib\commonlib\commonlib.dir\release\rdcost.obj
d:\vtm\vtm-1.1\build\source\lib\commonlib\commonlib.dir\release\sei.obj
d:\vtm\vtm-1.1\build\source\lib\commonlib\commonlib.dir\release\trquant_emt.obj
d:\vtm\vtm-1.1\build\source\lib\commonlib\commonlib.dir\release\commondefx86.obj
d:\vtm\vtm-1.1\build\source\lib\commonlib\commonlib.dir\release\chromaformat.obj
d:\vtm\vtm-1.1\build\source\lib\commonlib\commonlib.dir\release\contextmodelling.obj
d:\vtm\vtm-1.1\build\source\lib\commonlib\commonlib.dir\release\interpolationfilter.obj
d:\vtm\vtm-1.1\build\source\lib\commonlib\commonlib.dir\release\mv.obj
d:\vtm\vtm-1.1\build\source\lib\commonlib\commonlib.dir\release\quantrdoq.obj
d:\vtm\vtm-1.1\build\source\lib\commonlib\commonlib.dir\release\romtr.obj
d:\vtm\vtm-1.1\build\source\lib\commonlib\commonlib.dir\release\trquant.obj
d:\vtm\vtm-1.1\build\source\lib\commonlib\commonlib.dir\release\unitpartitioner.obj
d:\vtm\vtm-1.1\build\source\lib\commonlib\commonlib.dir\release\dtrace.obj
d:\vtm\vtm-1.1\build\source\lib\commonlib\commonlib.dir\release\buffer.obj
d:\vtm\vtm-1.1\build\source\lib\commonlib\commonlib.dir\release\crosscompprediction.obj
d:\vtm\vtm-1.1\build\source\lib\commonlib\commonlib.dir\release\loopfilter.obj
d:\vtm\vtm-1.1\build\source\lib\commonlib\commonlib.dir\release\quant.obj
d:\vtm\vtm-1.1\build\source\lib\commonlib\commonlib.dir\release\rom.obj
d:\vtm\vtm-1.1\build\source\lib\commonlib\commonlib.dir\release\slice.obj
d:\vtm\vtm-1.1\build\source\lib\commonlib\commonlib.dir\release\unittools.obj
d:\vtm\vtm-1.1\build\source\lib\commonlib\commonlib.dir\release\initx86.obj
d:\vtm\vtm-1.1\build\source\lib\commonlib\commonlib.dir\release\bitstream.obj
d:\vtm\vtm-1.1\build\source\lib\commonlib\commonlib.dir\release\contexts.obj
d:\vtm\vtm-1.1\build\source\lib\commonlib\commonlib.dir\release\intraprediction.obj
d:\vtm\vtm-1.1\build\source\lib\commonlib\commonlib.dir\release\picture.obj
d:\vtm\vtm-1.1\build\source\lib\commonlib\commonlib.dir\release\rdcostweightprediction.obj
d:\vtm\vtm-1.1\build\source\lib\commonlib\commonlib.dir\release\sampleadaptiveoffset.obj
d:\vtm\vtm-1.1\build\source\lib\commonlib\commonlib.dir\release\unit.obj
d:\vtm\vtm-1.1\build\source\lib\commonlib\commonlib.dir\release\weightprediction.obj
d:\vtm\vtm-1.1\build\source\lib\commonlib\commonlib.dir\release\libmd5.obj
d:\vtm\vtm-1.1\build\source\lib\commonlib\commonlib.dir\release\buffer_sse41.obj
d:\vtm\vtm-1.1\build\source\lib\commonlib\commonlib.dir\release\rdcost_sse41.obj
d:\vtm\vtm-1.1\build\source\lib\commonlib\commonlib.dir\release\interpolationfilter_sse41.obj
d:\vtm\vtm-1.1\build\source\lib\commonlib\commonlib.dir\release\rdcost_avx.obj
d:\vtm\vtm-1.1\build\source\lib\commonlib\commonlib.dir\release\buffer_avx.obj
d:\vtm\vtm-1.1\build\source\lib\commonlib\commonlib.dir\release\interpolationfilter_avx.obj
d:\vtm\vtm-1.1\build\source\lib\commonlib\commonlib.dir\release\buffer_avx2.obj
d:\vtm\vtm-1.1\build\source\lib\commonlib\commonlib.dir\release\interpolationfilter_avx2.obj
d:\vtm\vtm-1.1\build\source\lib\commonlib\commonlib.dir\release\rdcost_avx2.obj
d:\vtm\vtm-1.1\build\source\lib\commonlib\cmakefiles\generate.stamp
d:\vtm\vtm-1.1\lib\vs14\msvc-19.0\x86_64\release\commonlib.lib
d:\vtm\vtm-1.1\build\source\lib\commonlib\commonlib.dir\release\commonlib.tlog\cl.command.1.tlog
d:\vtm\vtm-1.1\build\source\lib\commonlib\commonlib.dir\release\commonlib.tlog\cl.read.1.tlog
d:\vtm\vtm-1.1\build\source\lib\commonlib\commonlib.dir\release\commonlib.tlog\cl.write.1.tlog
d:\vtm\vtm-1.1\build\source\lib\commonlib\commonlib.dir\release\commonlib.tlog\custombuild.command.1.tlog
d:\vtm\vtm-1.1\build\source\lib\commonlib\commonlib.dir\release\commonlib.tlog\custombuild.read.1.tlog
d:\vtm\vtm-1.1\build\source\lib\commonlib\commonlib.dir\release\commonlib.tlog\custombuild.write.1.tlog
d:\vtm\vtm-1.1\build\source\lib\commonlib\commonlib.dir\release\commonlib.tlog\lib-link.read.1.tlog
d:\vtm\vtm-1.1\build\source\lib\commonlib\commonlib.dir\release\commonlib.tlog\lib-link.write.1.tlog
d:\vtm\vtm-1.1\build\source\lib\commonlib\commonlib.dir\release\commonlib.tlog\lib.command.1.tlog
