  Building Custom Rule D:/VTM/VTM-1.1/source/Lib/DecoderAnalyserLib/CMakeLists.txt
  CMake does not need to re-run because D:/VTM/VTM-1.1/build/source/Lib/DecoderAnalyserLib/CMakeFiles/generate.stamp is up-to-date.
  AnnexBread.cpp
  BinDecoder.cpp
  CABACReader.cpp
  DecCu.cpp
D:\VTM\VTM-1.1\source\Lib\CommonLib\..\CommonLib/ContextModelling.h(324): error C2220: 警告被视为错误 - 没有生成“object”文件 (编译源文件 D:\VTM\VTM-1.1\source\Lib\DecoderLib\CABACReader.cpp)
D:\VTM\VTM-1.1\source\Lib\CommonLib\..\CommonLib/ContextModelling.h(324): warning C4334: “<<”: 32 位移位的结果被隐式转换为 64 位(是否希望进行 64 位移位?) (编译源文件 D:\VTM\VTM-1.1\source\Lib\DecoderLib\CABACReader.cpp)
D:\VTM\VTM-1.1\source\Lib\CommonLib\..\CommonLib/ContextModelling.h(324): error C2220: 警告被视为错误 - 没有生成“object”文件 (编译源文件 D:\VTM\VTM-1.1\source\Lib\DecoderLib\DecCu.cpp)
D:\VTM\VTM-1.1\source\Lib\CommonLib\..\CommonLib/ContextModelling.h(324): warning C4334: “<<”: 32 位移位的结果被隐式转换为 64 位(是否希望进行 64 位移位?) (编译源文件 D:\VTM\VTM-1.1\source\Lib\DecoderLib\DecCu.cpp)
  DecLib.cpp
  DecSlice.cpp
  NALread.cpp
  SEIread.cpp
D:\VTM\VTM-1.1\source\Lib\CommonLib\..\CommonLib/ContextModelling.h(324): error C2220: 警告被视为错误 - 没有生成“object”文件 (编译源文件 D:\VTM\VTM-1.1\source\Lib\DecoderLib\DecLib.cpp)
D:\VTM\VTM-1.1\source\Lib\CommonLib\..\CommonLib/ContextModelling.h(324): warning C4334: “<<”: 32 位移位的结果被隐式转换为 64 位(是否希望进行 64 位移位?) (编译源文件 D:\VTM\VTM-1.1\source\Lib\DecoderLib\DecLib.cpp)
D:\VTM\VTM-1.1\source\Lib\CommonLib\..\CommonLib/ContextModelling.h(324): error C2220: 警告被视为错误 - 没有生成“object”文件 (编译源文件 D:\VTM\VTM-1.1\source\Lib\DecoderLib\DecSlice.cpp)
D:\VTM\VTM-1.1\source\Lib\CommonLib\..\CommonLib/ContextModelling.h(324): warning C4334: “<<”: 32 位移位的结果被隐式转换为 64 位(是否希望进行 64 位移位?) (编译源文件 D:\VTM\VTM-1.1\source\Lib\DecoderLib\DecSlice.cpp)
D:\VTM\VTM-1.1\source\Lib\CommonLib\..\CommonLib/ContextModelling.h(324): error C2220: 警告被视为错误 - 没有生成“object”文件 (编译源文件 D:\VTM\VTM-1.1\source\Lib\DecoderLib\SEIread.cpp)
D:\VTM\VTM-1.1\source\Lib\CommonLib\..\CommonLib/ContextModelling.h(324): warning C4334: “<<”: 32 位移位的结果被隐式转换为 64 位(是否希望进行 64 位移位?) (编译源文件 D:\VTM\VTM-1.1\source\Lib\DecoderLib\SEIread.cpp)
  VLCReader.cpp
D:\VTM\VTM-1.1\source\Lib\CommonLib\..\CommonLib/ContextModelling.h(324): error C2220: 警告被视为错误 - 没有生成“object”文件 (编译源文件 D:\VTM\VTM-1.1\source\Lib\DecoderLib\VLCReader.cpp)
D:\VTM\VTM-1.1\source\Lib\CommonLib\..\CommonLib/ContextModelling.h(324): warning C4334: “<<”: 32 位移位的结果被隐式转换为 64 位(是否希望进行 64 位移位?) (编译源文件 D:\VTM\VTM-1.1\source\Lib\DecoderLib\VLCReader.cpp)
