d:\vtm\vtm-1.1\build\source\lib\decoderanalyserlib\decoderanalyserlib.dir\release\bindecoder.obj
d:\vtm\vtm-1.1\build\source\lib\decoderanalyserlib\decoderanalyserlib.dir\release\decslice.obj
d:\vtm\vtm-1.1\build\source\lib\decoderanalyserlib\decoderanalyserlib.dir\release\cabacreader.obj
d:\vtm\vtm-1.1\build\source\lib\decoderanalyserlib\decoderanalyserlib.dir\release\seiread.obj
d:\vtm\vtm-1.1\build\source\lib\decoderanalyserlib\decoderanalyserlib.dir\release\annexbread.obj
d:\vtm\vtm-1.1\build\source\lib\decoderanalyserlib\decoderanalyserlib.dir\release\declib.obj
d:\vtm\vtm-1.1\build\source\lib\decoderanalyserlib\decoderanalyserlib.dir\release\vlcreader.obj
d:\vtm\vtm-1.1\build\source\lib\decoderanalyserlib\decoderanalyserlib.dir\release\deccu.obj
d:\vtm\vtm-1.1\build\source\lib\decoderanalyserlib\decoderanalyserlib.dir\release\nalread.obj
d:\vtm\vtm-1.1\build\source\lib\decoderanalyserlib\cmakefiles\generate.stamp
d:\vtm\vtm-1.1\lib\vs14\msvc-19.0\x86_64\release\decoderanalyserlib.lib
d:\vtm\vtm-1.1\build\source\lib\decoderanalyserlib\decoderanalyserlib.dir\release\decoderanalyserlib.vcxprojresolveassemblyreference.cache
d:\vtm\vtm-1.1\build\source\lib\decoderanalyserlib\decoderanalyserlib.dir\release\decodera.c955e1b7.tlog\cl.command.1.tlog
d:\vtm\vtm-1.1\build\source\lib\decoderanalyserlib\decoderanalyserlib.dir\release\decodera.c955e1b7.tlog\cl.read.1.tlog
d:\vtm\vtm-1.1\build\source\lib\decoderanalyserlib\decoderanalyserlib.dir\release\decodera.c955e1b7.tlog\cl.write.1.tlog
d:\vtm\vtm-1.1\build\source\lib\decoderanalyserlib\decoderanalyserlib.dir\release\decodera.c955e1b7.tlog\custombuild.command.1.tlog
d:\vtm\vtm-1.1\build\source\lib\decoderanalyserlib\decoderanalyserlib.dir\release\decodera.c955e1b7.tlog\custombuild.read.1.tlog
d:\vtm\vtm-1.1\build\source\lib\decoderanalyserlib\decoderanalyserlib.dir\release\decodera.c955e1b7.tlog\custombuild.write.1.tlog
d:\vtm\vtm-1.1\build\source\lib\decoderanalyserlib\decoderanalyserlib.dir\release\decodera.c955e1b7.tlog\lib-link.read.1.tlog
d:\vtm\vtm-1.1\build\source\lib\decoderanalyserlib\decoderanalyserlib.dir\release\decodera.c955e1b7.tlog\lib-link.write.1.tlog
d:\vtm\vtm-1.1\build\source\lib\decoderanalyserlib\decoderanalyserlib.dir\release\decodera.c955e1b7.tlog\lib.command.1.tlog
