d:\vtm\vtm-1.1\build\source\lib\encoderlib\encoderlib.dir\release\intersearch.obj
d:\vtm\vtm-1.1\build\source\lib\encoderlib\encoderlib.dir\release\enccu.obj
d:\vtm\vtm-1.1\build\source\lib\encoderlib\encoderlib.dir\release\encslice.obj
d:\vtm\vtm-1.1\build\source\lib\encoderlib\encoderlib.dir\release\encgop.obj
d:\vtm\vtm-1.1\build\source\lib\encoderlib\encoderlib.dir\release\cabacwriter.obj
d:\vtm\vtm-1.1\build\source\lib\encoderlib\encoderlib.dir\release\encmodectrl.obj
d:\vtm\vtm-1.1\build\source\lib\encoderlib\encoderlib.dir\release\encsampleadaptiveoffset.obj
d:\vtm\vtm-1.1\build\source\lib\encoderlib\encoderlib.dir\release\intrasearch.obj
d:\vtm\vtm-1.1\build\source\lib\encoderlib\encoderlib.dir\release\enclib.obj
d:\vtm\vtm-1.1\build\source\lib\encoderlib\encoderlib.dir\release\seiencoder.obj
d:\vtm\vtm-1.1\build\source\lib\encoderlib\encoderlib.dir\release\binencoder.obj
d:\vtm\vtm-1.1\build\source\lib\encoderlib\encoderlib.dir\release\aqp.obj
d:\vtm\vtm-1.1\build\source\lib\encoderlib\encoderlib.dir\release\ratectrl.obj
d:\vtm\vtm-1.1\build\source\lib\encoderlib\encoderlib.dir\release\weightpredanalysis.obj
d:\vtm\vtm-1.1\build\source\lib\encoderlib\encoderlib.dir\release\seiwrite.obj
d:\vtm\vtm-1.1\build\source\lib\encoderlib\encoderlib.dir\release\vlcwriter.obj
d:\vtm\vtm-1.1\build\source\lib\encoderlib\encoderlib.dir\release\nalwrite.obj
d:\vtm\vtm-1.1\build\source\lib\encoderlib\cmakefiles\generate.stamp
d:\vtm\vtm-1.1\lib\vs14\msvc-19.0\x86_64\release\encoderlib.lib
d:\vtm\vtm-1.1\build\source\lib\encoderlib\encoderlib.dir\release\encoderlib.vcxprojresolveassemblyreference.cache
d:\vtm\vtm-1.1\build\source\lib\encoderlib\encoderlib.dir\release\encoderlib.tlog\cl.command.1.tlog
d:\vtm\vtm-1.1\build\source\lib\encoderlib\encoderlib.dir\release\encoderlib.tlog\cl.read.1.tlog
d:\vtm\vtm-1.1\build\source\lib\encoderlib\encoderlib.dir\release\encoderlib.tlog\cl.write.1.tlog
d:\vtm\vtm-1.1\build\source\lib\encoderlib\encoderlib.dir\release\encoderlib.tlog\custombuild.command.1.tlog
d:\vtm\vtm-1.1\build\source\lib\encoderlib\encoderlib.dir\release\encoderlib.tlog\custombuild.read.1.tlog
d:\vtm\vtm-1.1\build\source\lib\encoderlib\encoderlib.dir\release\encoderlib.tlog\custombuild.write.1.tlog
d:\vtm\vtm-1.1\build\source\lib\encoderlib\encoderlib.dir\release\encoderlib.tlog\lib-link.read.1.tlog
d:\vtm\vtm-1.1\build\source\lib\encoderlib\encoderlib.dir\release\encoderlib.tlog\lib-link.write.1.tlog
d:\vtm\vtm-1.1\build\source\lib\encoderlib\encoderlib.dir\release\encoderlib.tlog\lib.command.1.tlog
