d:\vtm\vtm-1.1\build\source\lib\decoderlib\decoderlib.dir\release\deccu.obj
d:\vtm\vtm-1.1\build\source\lib\decoderlib\decoderlib.dir\release\declib.obj
d:\vtm\vtm-1.1\build\source\lib\decoderlib\decoderlib.dir\release\cabacreader.obj
d:\vtm\vtm-1.1\build\source\lib\decoderlib\decoderlib.dir\release\decslice.obj
d:\vtm\vtm-1.1\build\source\lib\decoderlib\decoderlib.dir\release\seiread.obj
d:\vtm\vtm-1.1\build\source\lib\decoderlib\decoderlib.dir\release\bindecoder.obj
d:\vtm\vtm-1.1\build\source\lib\decoderlib\decoderlib.dir\release\vlcreader.obj
d:\vtm\vtm-1.1\build\source\lib\decoderlib\decoderlib.dir\release\nalread.obj
d:\vtm\vtm-1.1\build\source\lib\decoderlib\decoderlib.dir\release\annexbread.obj
d:\vtm\vtm-1.1\build\source\lib\decoderlib\cmakefiles\generate.stamp
d:\vtm\vtm-1.1\lib\vs14\msvc-19.0\x86_64\release\decoderlib.lib
d:\vtm\vtm-1.1\build\source\lib\decoderlib\decoderlib.dir\release\decoderlib.vcxprojresolveassemblyreference.cache
d:\vtm\vtm-1.1\build\source\lib\decoderlib\decoderlib.dir\release\decoderlib.tlog\cl.command.1.tlog
d:\vtm\vtm-1.1\build\source\lib\decoderlib\decoderlib.dir\release\decoderlib.tlog\cl.read.1.tlog
d:\vtm\vtm-1.1\build\source\lib\decoderlib\decoderlib.dir\release\decoderlib.tlog\cl.write.1.tlog
d:\vtm\vtm-1.1\build\source\lib\decoderlib\decoderlib.dir\release\decoderlib.tlog\custombuild.command.1.tlog
d:\vtm\vtm-1.1\build\source\lib\decoderlib\decoderlib.dir\release\decoderlib.tlog\custombuild.read.1.tlog
d:\vtm\vtm-1.1\build\source\lib\decoderlib\decoderlib.dir\release\decoderlib.tlog\custombuild.write.1.tlog
d:\vtm\vtm-1.1\build\source\lib\decoderlib\decoderlib.dir\release\decoderlib.tlog\lib-link.read.1.tlog
d:\vtm\vtm-1.1\build\source\lib\decoderlib\decoderlib.dir\release\decoderlib.tlog\lib-link.write.1.tlog
d:\vtm\vtm-1.1\build\source\lib\decoderlib\decoderlib.dir\release\decoderlib.tlog\lib.command.1.tlog
